<?xml version="1.0" encoding="UTF-8"?>
<!-- Generated by org.testng.reporters.JUnitXMLReporter -->
<testsuite ignored="0" hostname="DESKTOP-TVSNIAO" failures="0" tests="7" name="Surefire test" time="565.151" errors="0" timestamp="2023-12-18T10:42:37 IST">
  <testcase classname="com.packtWebsiteAutomation.PacktSiteAutomation.CheckBrowseLibraryTest" name="BrowserLibraryVerification" time="29.178"/>
  <testcase classname="com.packtWebsiteAutomation.PacktSiteAutomation.NavigationTest" name="testNavigation" time="45.586"/>
  <testcase classname="com.packtWebsiteAutomation.PacktSiteAutomation.TitleCarouselCheckTest" name="TestToClickTitles" time="464.995"/>
  <testcase classname="com.packtWebsiteAutomation.PacktSiteAutomation.WebPageElementTest" name="testLogo" time="0.072"/>
  <testcase classname="com.packtWebsiteAutomation.PacktSiteAutomation.WebPageElementTest" name="testButtonColor" time="0.025"/>
  <testcase classname="com.packtWebsiteAutomation.PacktSiteAutomation.WebPageElementTest" name="testSearchPosition" time="0.042"/>
  <testcase classname="com.packtWebsiteAutomation.PacktSiteAutomation.WebPageElementTest" name="testText" time="0.026"/>
</testsuite> <!-- Surefire test -->
