<?xml version="1.0" encoding="UTF-8"?>
<!-- Generated by org.testng.reporters.JUnitXMLReporter -->
<testsuite ignored="0" hostname="DESKTOP-TVSNIAO" failures="0" tests="7" name="Surefire test" time="468.684" errors="0" timestamp="2023-11-14T14:45:17 IST">
  <testcase classname="com.packtWebsiteAutomation.PacktSiteAutomation.CheckBrowseLibraryTest" name="BrowserLibraryVerification" time="29.909"/>
  <testcase classname="com.packtWebsiteAutomation.PacktSiteAutomation.NavigationTest" name="testNavigation" time="25.139"/>
  <testcase classname="com.packtWebsiteAutomation.PacktSiteAutomation.TitleCarouselCheckTest" name="TestToClickTitles" time="387.989"/>
  <testcase classname="com.packtWebsiteAutomation.PacktSiteAutomation.WebPageElementTest" name="testButtonColor" time="0.068"/>
  <testcase classname="com.packtWebsiteAutomation.PacktSiteAutomation.WebPageElementTest" name="testLogo" time="0.046"/>
  <testcase classname="com.packtWebsiteAutomation.PacktSiteAutomation.WebPageElementTest" name="testSearchPosition" time="0.06"/>
  <testcase classname="com.packtWebsiteAutomation.PacktSiteAutomation.WebPageElementTest" name="testText" time="0.046"/>
</testsuite> <!-- Surefire test -->
