<?xml version="1.0" encoding="UTF-8"?>
<!-- Generated by org.testng.reporters.JUnitXMLReporter -->
<testsuite ignored="0" hostname="DESKTOP-TVSNIAO" failures="0" tests="4" name="Default test" time="16.915" errors="0" timestamp="2023-11-14T13:44:24 IST">
  <testcase classname="com.packtWebsiteAutomation.PacktSiteAutomation.WebPageElementTest" name="testButtonColor" time="0.067"/>
  <testcase classname="com.packtWebsiteAutomation.PacktSiteAutomation.WebPageElementTest" name="testLogo" time="0.085"/>
  <testcase classname="com.packtWebsiteAutomation.PacktSiteAutomation.WebPageElementTest" name="testSearchPosition" time="0.083"/>
  <testcase classname="com.packtWebsiteAutomation.PacktSiteAutomation.WebPageElementTest" name="testText" time="0.06"/>
</testsuite> <!-- Default test -->
