<?xml version="1.0" encoding="UTF-8"?>
<testsuite xmlns:xsi="http://www.w3.org/2001/XMLSchema-instance" xsi:noNamespaceSchemaLocation="https://maven.apache.org/surefire/maven-surefire-plugin/xsd/surefire-test-report-3.0.xsd" version="3.0" name="com.packtWebsiteAutomation.PacktSiteAutomation.NavigationTest" time="31.467" tests="1" errors="0" skipped="0" failures="0">
  <properties>
[...]
</properties>
  <testcase name="testNavigation" classname="com.packtWebsiteAutomation.PacktSiteAutomation.NavigationTest" time="22.996">
    <system-out><![CDATA[Browser started
NAVIGATION BAR TEST STARTED
LOGO https://subscription.packtpub.com/
SEARCH BAR TEST https://subscription.packtpub.com/search?query=Java
CART https://www.packtpub.com/checkout
6
Browse Library
https://subscription.packtpub.com/search
6
Advanced Search
https://subscription.packtpub.com/advanced-search
6
6
6
Sign In
https://www.packtpub.com/login?returnUrl=https%3A%2F%2Fsubscription.packtpub.com%2F&_gl=1%2av86y4j%2a_gcl_au%2aNDYzMzkwNTQuMTY5OTk1MjUzNA..%2a_ga%2aNzM1MTQ5ODIyLjE2OTk5NTI1MzQ.%2a_ga_Q4R8G7SJDK%2aMTY5OTk1MjUzMy4xLjEuMTY5OTk1MjU1MS40Mi4wLjA.
6
Start Free Trial
https://www.packtpub.com/checkout/subscription/monthly-packt-subscription-vz22?freeTrial&_gl=1*1bu6n40*_gcl_au*NDYzMzkwNTQuMTY5OTk1MjUzNA..*_ga*NzM1MTQ5ODIyLjE2OTk5NTI1MzQ.*_ga_Q4R8G7SJDK*MTY5OTk1MjUzMy4xLjEuMTY5OTk1MjU1NC4zOS4wLjA.
]]></system-out>
    <system-err><![CDATA[SLF4J: Failed to load class "org.slf4j.impl.StaticLoggerBinder".
SLF4J: Defaulting to no-operation (NOP) logger implementation
SLF4J: See http://www.slf4j.org/codes.html#StaticLoggerBinder for further details.
Nov 14, 2023 2:32:11 PM org.openqa.selenium.devtools.CdpVersionFinder findNearestMatch
WARNING: Unable to find an exact match for CDP version 119, so returning the closest version found: 115
]]></system-err>
  </testcase>
</testsuite>