<?xml version="1.0" encoding="UTF-8"?>
<testng-results ignored="0" total="1" passed="1" failed="0" skipped="0">
  <reporter-output>
  </reporter-output>
  <suite started-at="2023-12-18T09:47:02 IST" name="CheckBrowserLibraryTestSuite" finished-at="2023-12-18T09:47:46 IST" duration-ms="43363">
    <groups>
    </groups>
    <test started-at="2023-12-18T09:47:02 IST" name="CheckBrowserLibraryTest" finished-at="2023-12-18T09:47:46 IST" duration-ms="43363">
      <class name="com.packtWebsiteAutomation.PacktSiteAutomation.CheckBrowseLibraryTest">
        <test-method is-config="true" signature="setUp()[pri:0, instance:com.packtWebsiteAutomation.PacktSiteAutomation.CheckBrowseLibraryTest@6dc17b83]" started-at="2023-12-18T09:47:02 IST" name="setUp" finished-at="2023-12-18T09:47:11 IST" duration-ms="9039" status="PASS">
          <reporter-output>
          </reporter-output>
        </test-method> <!-- setUp -->
        <test-method signature="BrowserLibraryVerification()[pri:0, instance:com.packtWebsiteAutomation.PacktSiteAutomation.CheckBrowseLibraryTest@6dc17b83]" started-at="2023-12-18T09:47:12 IST" name="BrowserLibraryVerification" finished-at="2023-12-18T09:47:46 IST" duration-ms="34093" status="PASS">
          <reporter-output>
          </reporter-output>
        </test-method> <!-- BrowserLibraryVerification -->
        <test-method is-config="true" signature="tearDown()[pri:0, instance:com.packtWebsiteAutomation.PacktSiteAutomation.CheckBrowseLibraryTest@6dc17b83]" started-at="2023-12-18T09:47:46 IST" name="tearDown" finished-at="2023-12-18T09:47:46 IST" duration-ms="182" status="PASS">
          <reporter-output>
          </reporter-output>
        </test-method> <!-- tearDown -->
      </class> <!-- com.packtWebsiteAutomation.PacktSiteAutomation.CheckBrowseLibraryTest -->
    </test> <!-- CheckBrowserLibraryTest -->
  </suite> <!-- CheckBrowserLibraryTestSuite -->
</testng-results>
