<?xml version="1.0" encoding="UTF-8"?>
<testng-results ignored="0" total="4" passed="4" failed="0" skipped="0">
  <reporter-output>
  </reporter-output>
  <suite started-at="2023-11-14T13:44:07 IST" name="Default suite" finished-at="2023-11-14T13:44:24 IST" duration-ms="16915">
    <groups>
    </groups>
    <test started-at="2023-11-14T13:44:07 IST" name="Default test" finished-at="2023-11-14T13:44:24 IST" duration-ms="16915">
      <class name="com.packtWebsiteAutomation.PacktSiteAutomation.WebPageElementTest">
        <test-method is-config="true" signature="setUp()[pri:0, instance:com.packtWebsiteAutomation.PacktSiteAutomation.WebPageElementTest@6e20b53a]" started-at="2023-11-14T13:44:07 IST" name="setUp" finished-at="2023-11-14T13:44:23 IST" duration-ms="16347" status="PASS">
          <reporter-output>
          </reporter-output>
        </test-method> <!-- setUp -->
        <test-method signature="testButtonColor()[pri:0, instance:com.packtWebsiteAutomation.PacktSiteAutomation.WebPageElementTest@6e20b53a]" started-at="2023-11-14T13:44:23 IST" name="testButtonColor" finished-at="2023-11-14T13:44:23 IST" duration-ms="67" status="PASS">
          <reporter-output>
          </reporter-output>
        </test-method> <!-- testButtonColor -->
        <test-method signature="testLogo()[pri:0, instance:com.packtWebsiteAutomation.PacktSiteAutomation.WebPageElementTest@6e20b53a]" started-at="2023-11-14T13:44:23 IST" name="testLogo" finished-at="2023-11-14T13:44:23 IST" duration-ms="85" status="PASS">
          <reporter-output>
          </reporter-output>
        </test-method> <!-- testLogo -->
        <test-method signature="testSearchPosition()[pri:0, instance:com.packtWebsiteAutomation.PacktSiteAutomation.WebPageElementTest@6e20b53a]" started-at="2023-11-14T13:44:23 IST" name="testSearchPosition" finished-at="2023-11-14T13:44:23 IST" duration-ms="83" status="PASS">
          <reporter-output>
          </reporter-output>
        </test-method> <!-- testSearchPosition -->
        <test-method signature="testText()[pri:0, instance:com.packtWebsiteAutomation.PacktSiteAutomation.WebPageElementTest@6e20b53a]" started-at="2023-11-14T13:44:23 IST" name="testText" finished-at="2023-11-14T13:44:23 IST" duration-ms="60" status="PASS">
          <reporter-output>
          </reporter-output>
        </test-method> <!-- testText -->
        <test-method is-config="true" signature="tearDown()[pri:0, instance:com.packtWebsiteAutomation.PacktSiteAutomation.WebPageElementTest@6e20b53a]" started-at="2023-11-14T13:44:23 IST" name="tearDown" finished-at="2023-11-14T13:44:24 IST" duration-ms="219" status="PASS">
          <reporter-output>
          </reporter-output>
        </test-method> <!-- tearDown -->
      </class> <!-- com.packtWebsiteAutomation.PacktSiteAutomation.WebPageElementTest -->
    </test> <!-- Default test -->
  </suite> <!-- Default suite -->
</testng-results>
