<?xml version="1.0" encoding="UTF-8"?>
<!-- Generated by org.testng.reporters.JUnitXMLReporter -->
<testsuite ignored="0" hostname="DESKTOP-TVSNIAO" failures="0" tests="4" name="WebPageElementTest" time="25.076" errors="0" timestamp="2023-12-18T10:15:32 IST">
  <testcase classname="com.packtWebsiteAutomation.PacktSiteAutomation.WebPageElementTest" name="testButtonColor" time="9.642"/>
  <testcase classname="com.packtWebsiteAutomation.PacktSiteAutomation.WebPageElementTest" name="testLogo" time="0.05"/>
  <testcase classname="com.packtWebsiteAutomation.PacktSiteAutomation.WebPageElementTest" name="testSearchPosition" time="0.067"/>
  <testcase classname="com.packtWebsiteAutomation.PacktSiteAutomation.WebPageElementTest" name="testText" time="0.038"/>
</testsuite> <!-- WebPageElementTest -->
